17:57:58 **** Incremental Build of configuration Debug for project Oef_4 ****
"C:\\Users\\seppe\\ModusToolbox\\tools_3.0\\modus-shell\\bin\\make" CY_MAKE_IDE=eclipse CY_IDE_TOOLS_DIR=C:/Users/seppe/ModusToolbox/tools_3.0 CY_IDE_BT_TOOLS_DIR= -j8 all 
Tools Directory: C:/Users/seppe/ModusToolbox/tools_3.0
Searching installed tools in progress...
Searching installed tools complete




Prebuild operations complete

Auto-discovery in progress...
Auto-discovery complete
Commencing build operations...

Tools Directory: C:/Users/seppe/ModusToolbox/tools_3.0

Initializing build: mtb-example-empty-app Debug APP_CY8CKIT-062-WIFI-BT GCC_ARM

Constructing build rules...
Build rules construction complete

==============================================================================
= Building application =
==============================================================================
Generating compilation database file...
-> ./build/compile_commands.json
Compilation database file generation complete
Building 208 file(s)
Compiling main.c -DCOMPONENT_4343W -DCOMPONENT_APP_CY8CKIT_062_WIFI_BT -DCOMPONENT_CAT1 -DCOMPONENT_CAT1A -DCOMPONENT_CM0P_SLEEP -DCOMPONENT_CM4 -DCOMPONENT_CM4_0 -DCOMPONENT_Debug -DCOMPONENT_GCC_ARM -DCOMPONENT_HCI_UART -DCOMPONENT_MURATA_1DX -DCOMPONENT_MW_CAT1CM0P -DCOMPONENT_MW_CMSIS -DCOMPONENT_MW_CORE_LIB -DCOMPONENT_MW_CORE_MAKE -DCOMPONENT_MW_MTB_HAL_CAT1 -DCOMPONENT_MW_MTB_PDL_CAT1 -DCOMPONENT_MW_RECIPE_MAKE_CAT1A -DCOMPONENT_MW_UDB_SDIO_WHD -DCOMPONENT_PSOC6_01 -DCOMPONENT_SOFTFP -DCOMPONENT_UDB_SDIO_P2 -DCOMPONENT_WIFI_INTERFACE_SDIO -DCORE_NAME_CM4_0=1 -DCY8C6247BZI_D54 -DCYHAL_UDB_SDIO -DCY_APPNAME_mtb_example_empty_app -DCY_SUPPORTS_DEVICE_VALIDATION -DCY_TARGET_BOARD=APP_CY8CKIT_062_WIFI_BT -DCY_USING_HAL -DDEBUG -DTARGET_APP_CY8CKIT_062_WIFI_BT  -Ibsps/TARGET_APP_CY8CKIT-062-WIFI-BT -Ibsps -I. -Ibsps/TARGET_APP_CY8CKIT-062-WIFI-BT/bluetooth -Ibsps/TARGET_APP_CY8CKIT-062-WIFI-BT/config/GeneratedSource -Ibsps/TARGET_APP_CY8CKIT-062-WIFI-BT/config -I../mtb_shared/cat1cm0p/release-v1.0.0/COMPONENT_CAT1A -I../mtb_shared/cat1cm0p/release-v1.0.0 -I../mtb_shared/cmsis/release-v5.8.0/Core/Include -I../mtb_shared/cmsis/release-v5.8.0/Core -I../mtb_shared/cmsis/release-v5.8.0 -I../mtb_shared/core-lib/release-v1.3.1/include -I../mtb_shared/core-lib/release-v1.3.1 -I../mtb_shared/mtb-hal-cat1/release-v2.3.0/COMPONENT_CAT1A/include/pin_packages -I../mtb_shared/mtb-hal-cat1/release-v2.3.0/COMPONENT_CAT1A/include -I../mtb_shared/mtb-hal-cat1/release-v2.3.0/COMPONENT_CAT1A -I../mtb_shared/mtb-hal-cat1/release-v2.3.0 -I../mtb_shared/mtb-hal-cat1/release-v2.3.0/COMPONENT_CAT1A/include/triggers -I../mtb_shared/mtb-hal-cat1/release-v2.3.0/include -I../mtb_shared/mtb-hal-cat1/release-v2.3.0/include_pvt -I../mtb_shared/mtb-hal-cat1/release-v2.3.0/source -I../mtb_shared/mtb-pdl-cat1/release-v3.3.0/devices/COMPONENT_CAT1A/include -I../mtb_shared/mtb-pdl-cat1/release-v3.3.0/devices/COMPONENT_CAT1A -I../mtb_shared/mtb-pdl-cat1/release-v3.3.0/devices -I../mtb_shared/mtb-pdl-cat1/release-v3.3.0 -I../mtb_shared/mtb-pdl-cat1/release-v3.3.0/devices/COMPONENT_CAT1A/include/ip -I../mtb_shared/mtb-pdl-cat1/release-v3.3.0/drivers/include -I../mtb_shared/mtb-pdl-cat1/release-v3.3.0/drivers -I../mtb_shared/mtb-pdl-cat1/release-v3.3.0/drivers/third_party/ethernet/include -I../mtb_shared/mtb-pdl-cat1/release-v3.3.0/drivers/third_party/ethernet -I../mtb_shared/mtb-pdl-cat1/release-v3.3.0/drivers/third_party -I../mtb_shared/udb-sdio-whd/release-v1.2.1 -I../mtb_shared/udb-sdio-whd/release-v1.2.1/COMPONENT_UDB_SDIO_P2 
    Linking output file mtb-example-empty-app.elf
C:/Users/seppe/ModusToolbox/tools_3.0/gcc/bin/arm-none-eabi-objcopy -O ihex C:/02_PXL/01_Digitale_Systemen/SoC/Lab2/Oef_4/build/APP_CY8CKIT-062-WIFI-BT/Debug/mtb-example-empty-app.elf C:/02_PXL/01_Digitale_Systemen/SoC/Lab2/Oef_4/build/APP_CY8CKIT-062-WIFI-BT/Debug/mtb-example-empty-app.hex
==============================================================================
= Build complete =
==============================================================================

Calculating memory consumption: CY8C6247BZI-D54 GCC_ARM

   ---------------------------------------------------- 
  | Section Name         |  Address      |  Size       | 
   ---------------------------------------------------- 
  | .cy_m0p_image        |  0x10000000   |  6452       | 
  | .text                |  0x10002000   |  15920      | 
  | .ARM.exidx           |  0x10005e30   |  8          | 
  | .copy.table          |  0x10005e38   |  24         | 
  | .zero.table          |  0x10005e50   |  8          | 
  | .data                |  0x0800228c   |  1012       | 
  | .cy_sharedmem        |  0x08002680   |  12         | 
  | .noinit              |  0x08002690   |  236        | 
  | .bss                 |  0x0800277c   |  796        | 
  | .heap                |  0x08002a98   |  277864     | 
   ---------------------------------------------------- 

  Total Internal Flash (Available)          1048576    
  Total Internal Flash (Utilized)           25184      


  

17:58:04 Build Finished. 0 errors, 0 warnings. (took 6s.298ms)

